<?xml version="1.0" encoding="UTF-8"?>
<!-- Generated by org.testng.reporters.JUnitXMLReporter -->
<testsuite hostname="DESKTOP-29VP0U2" ignored="0" name="Test 1" tests="6" failures="0" timestamp="24 Nov 2020 15:23:53 GMT" time="20.946" errors="0">
  <testcase name="log" time="0.029" classname="testScenario.Collections"/>
  <testcase name="retrievePaths" time="0.018" classname="testScenario.Collections"/>
  <testcase name="closePopUp" time="7.396" classname="testScenario.Collections"/>
  <testcase name="collections" time="2.385" classname="testScenario.Collections"/>
  <testcase name="writeToExcel" time="1.136" classname="testScenario.Collections"/>
  <testcase name="closeDriver" time="0.594" classname="testScenario.Collections"/>
</testsuite> <!-- Test 1 -->
