<?xml version="1.0" encoding="UTF-8"?>
<!-- Generated by org.testng.reporters.JUnitXMLReporter -->
<testsuite hostname="DESKTOP-29VP0U2" ignored="0" name="Test 2" tests="1" failures="0" timestamp="19 Nov 2020 10:51:40 GMT" time="0.01" errors="0">
  <testcase name="@BeforeClass driverconfig" time="0.0" classname="testScenario.Collections">
    <failure type="java.lang.NoClassDefFoundError" message="org/openqa/selenium/chrome/ChromeDriver">
      <![CDATA[java.lang.NoClassDefFoundError: org/openqa/selenium/chrome/ChromeDriver
	at userDefinedLibraries.DriverSetup.driverInstantiate(DriverSetup.java:25)
	at testScenario.Collections.driverconfig(Collections.java:26)
... Removed 25 stack frames]]>
    </failure>
  </testcase> <!-- @BeforeClass driverconfig -->
  <testcase name="collections" time="0.0" classname="testScenario.Collections">
    <skipped/>
  </testcase> <!-- collections -->
</testsuite> <!-- Test 2 -->
