<?xml version="1.0" encoding="UTF-8"?>
<testng-results skipped="0" failed="0" ignored="0" total="2" passed="2">
  <reporter-output>
  </reporter-output>
  <suite name="Functional Testing" duration-ms="20595" started-at="2020-11-24T15:36:38Z" finished-at="2020-11-24T15:36:59Z">
    <groups>
    </groups>
    <test name="Test 1" duration-ms="20595" started-at="2020-11-24T15:36:38Z" finished-at="2020-11-24T15:36:59Z">
      <class name="testScenario.Collections">
        <test-method status="PASS" signature="driverconfig(java.lang.String)[pri:0, instance:testScenario.Collections@3551a94]" name="driverconfig" is-config="true" duration-ms="11039" started-at="2020-11-24T21:06:38Z" finished-at="2020-11-24T21:06:49Z">
          <params>
            <param index="0">
              <value>
                <![CDATA[opera]]>
              </value>
            </param>
          </params>
          <reporter-output>
          </reporter-output>
        </test-method> <!-- driverconfig -->
        <test-method status="PASS" signature="log()[pri:0, instance:testScenario.Collections@3551a94]" name="log" duration-ms="19" started-at="2020-11-24T21:06:49Z" finished-at="2020-11-24T21:06:49Z">
          <reporter-output>
          </reporter-output>
        </test-method> <!-- log -->
        <test-method status="PASS" signature="getBeingAtHomeCollections(java.lang.String)[pri:1, instance:testScenario.Collections@3551a94]" name="getBeingAtHomeCollections" duration-ms="8921" started-at="2020-11-24T21:06:49Z" finished-at="2020-11-24T21:06:58Z">
          <params>
            <param index="0">
              <value>
                <![CDATA[opera]]>
              </value>
            </param>
          </params>
          <reporter-output>
          </reporter-output>
        </test-method> <!-- getBeingAtHomeCollections -->
        <test-method status="PASS" signature="closeDriver()[pri:0, instance:testScenario.Collections@3551a94]" name="closeDriver" is-config="true" duration-ms="585" started-at="2020-11-24T21:06:58Z" finished-at="2020-11-24T21:06:59Z">
          <reporter-output>
          </reporter-output>
        </test-method> <!-- closeDriver -->
      </class> <!-- testScenario.Collections -->
    </test> <!-- Test 1 -->
  </suite> <!-- Functional Testing -->
</testng-results>
